<?xml version="1.0" encoding="UTF-8"?>
<ns2:test-suite xmlns:ns2="urn:model.allure.qatools.yandex.ru" start="1470208438133" stop="1470208518880">
	<name>Wrong Address scenarios</name>
	<title>Wrong Address scenarios</title>
	<test-cases>
		<test-case start="1470208438134" stop="1470208455020" status="failed">
			<name>Wrong Address with valid data in character form</name>
			<title>Wrong Address with valid data in character form</title>
			<description></description>
			<labels>
			</labels>
			<parameters>
			</parameters>
			<steps>
			</steps>
			<attachments>
			</attachments>
			<failure>
				<message>Failed: No element found using locator: By.xpath(&quot;//*[@id=&apos;collapse&apos;]/form/div/div/div/div[2]&quot;)</message>
				<stack-trace>NoSuchElementError: No element found using locator: By.xpath(&quot;//*[@id=&apos;collapse&apos;]/form/div/div/div/div[2]&quot;)
    at new bot.Error (c:\Users\hverma\AppData\Roaming\npm\node_modules\protractor\node_modules\selenium-webdriver\lib\atoms\error.js:108:18)
    at c:\Users\hverma\AppData\Roaming\npm\node_modules\protractor\lib\element.js:694:15
    at [object Object].promise.ControlFlow.runInFrame_ (c:/Users/hverma/AppData/Roaming/npm/node_modules/protractor/node_modules/selenium-webdriver/lib/goog/../webdriver/promise.js:1857:20)
    at [object Object].goog.defineClass.notify (c:/Users/hverma/AppData/Roaming/npm/node_modules/protractor/node_modules/selenium-webdriver/lib/goog/../webdriver/promise.js:2448:25)
    at [object Object].promise.Promise.notify_ (c:/Users/hverma/AppData/Roaming/npm/node_modules/protractor/node_modules/selenium-webdriver/lib/goog/../webdriver/promise.js:564:12)
    at Array.forEach (native)
    at [object Object].promise.Promise.notifyAll_ (c:/Users/hverma/AppData/Roaming/npm/node_modules/protractor/node_modules/selenium-webdriver/lib/goog/../webdriver/promise.js:553:15)
    at goog.async.run.processWorkQueue (c:\Users\hverma\AppData\Roaming\npm\node_modules\protractor\node_modules\selenium-webdriver\lib\goog\async\run.js:130:15)
    at runMicrotasksCallback (node.js:337:7)
    at process._tickCallback (node.js:355:11)
Error
    at [object Object].ElementArrayFinder.applyAction_ (c:\Users\hverma\AppData\Roaming\npm\node_modules\protractor\lib\element.js:392:21)
    at [object Object].self.(anonymous function) [as getText] (c:\Users\hverma\AppData\Roaming\npm\node_modules\protractor\lib\element.js:76:19)
    at [object Object].self.(anonymous function) [as getText] (c:\Users\hverma\AppData\Roaming\npm\node_modules\protractor\lib\element.js:721:11)
    at [object Object].wrongAddressrejectionStatus (C:\Users\hverma\AppData\Roaming\POM\pages\ssp_Page.js:262:84)
    at Object.&lt;anonymous&gt; (C:\Users\hverma\AppData\Roaming\POM\test_spec\Wrong_address.js:32:43)
    at c:\Users\hverma\AppData\Roaming\npm\node_modules\protractor\node_modules\jasminewd2\index.js:96:23
    at new promise.Promise (c:/Users/hverma/AppData/Roaming/npm/node_modules/protractor/node_modules/selenium-webdriver/lib/goog/../webdriver/promise.js:368:5)
    at controlFlowExecute (c:\Users\hverma\AppData\Roaming\npm\node_modules\protractor\node_modules\jasminewd2\index.js:82:18)
    at [object Object].promise.ControlFlow.runInFrame_ (c:/Users/hverma/AppData/Roaming/npm/node_modules/protractor/node_modules/selenium-webdriver/lib/goog/../webdriver/promise.js:1857:20)
    at [object Object].promise.ControlFlow.runEventLoop_ (c:/Users/hverma/AppData/Roaming/npm/node_modules/protractor/node_modules/selenium-webdriver/lib/goog/../webdriver/promise.js:1729:8)
From: Task: Run it(&quot;Wrong Address with valid data in character form&quot;) in control flow
    at Object.&lt;anonymous&gt; (c:\Users\hverma\AppData\Roaming\npm\node_modules\protractor\node_modules\jasminewd2\index.js:81:14)
    at attemptAsync (c:\Users\hverma\AppData\Roaming\npm\node_modules\protractor\node_modules\jasmine\node_modules\jasmine-core\lib\jasmine-core\jasmine.js:1819:24)
    at QueueRunner.run (c:\Users\hverma\AppData\Roaming\npm\node_modules\protractor\node_modules\jasmine\node_modules\jasmine-core\lib\jasmine-core\jasmine.js:1774:9)
    at c:\Users\hverma\AppData\Roaming\npm\node_modules\protractor\node_modules\jasmine\node_modules\jasmine-core\lib\jasmine-core\jasmine.js:1801:16
    at c:\Users\hverma\AppData\Roaming\npm\node_modules\protractor\node_modules\jasmine\node_modules\jasmine-core\lib\jasmine-core\jasmine.js:1745:9
    at c:\Users\hverma\AppData\Roaming\npm\node_modules\protractor\node_modules\jasminewd2\index.js:18:5
    at [object Object].promise.ControlFlow.runInFrame_ (c:/Users/hverma/AppData/Roaming/npm/node_modules/protractor/node_modules/selenium-webdriver/lib/goog/../webdriver/promise.js:1857:20)
    at [object Object].goog.defineClass.notify (c:/Users/hverma/AppData/Roaming/npm/node_modules/protractor/node_modules/selenium-webdriver/lib/goog/../webdriver/promise.js:2448:25)
    at [object Object].promise.Promise.notify_ (c:/Users/hverma/AppData/Roaming/npm/node_modules/protractor/node_modules/selenium-webdriver/lib/goog/../webdriver/promise.js:564:12)
    at Array.forEach (native)
From asynchronous test: 
Error
    at Suite.&lt;anonymous&gt; (C:\Users\hverma\AppData\Roaming\POM\test_spec\Wrong_address.js:27:5)
    at addSpecsToSuite (c:\Users\hverma\AppData\Roaming\npm\node_modules\protractor\node_modules\jasmine\node_modules\jasmine-core\lib\jasmine-core\jasmine.js:743:25)
    at Env.describe (c:\Users\hverma\AppData\Roaming\npm\node_modules\protractor\node_modules\jasmine\node_modules\jasmine-core\lib\jasmine-core\jasmine.js:713:7)
    at jasmineInterface.describe (c:\Users\hverma\AppData\Roaming\npm\node_modules\protractor\node_modules\jasmine\node_modules\jasmine-core\lib\jasmine-core\jasmine.js:3219:18)
    at Object.&lt;anonymous&gt; (C:\Users\hverma\AppData\Roaming\POM\test_spec\Wrong_address.js:9:1)
    at Module._compile (module.js:460:26)
    at Object.Module._extensions..js (module.js:478:10)
    at Module.load (module.js:355:32)
    at Function.Module._load (module.js:310:12)</stack-trace>
			</failure>
		</test-case>
		<test-case start="1470208455021" stop="1470208461307" status="failed">
			<name>Wrong Address with valid data in Numeric form</name>
			<title>Wrong Address with valid data in Numeric form</title>
			<description></description>
			<labels>
			</labels>
			<parameters>
			</parameters>
			<steps>
			</steps>
			<attachments>
			</attachments>
			<failure>
				<message>Failed: No element found using locator: by.model(&quot;mailadd1&quot;)</message>
				<stack-trace>NoSuchElementError: No element found using locator: by.model(&quot;mailadd1&quot;)
    at new bot.Error (c:\Users\hverma\AppData\Roaming\npm\node_modules\protractor\node_modules\selenium-webdriver\lib\atoms\error.js:108:18)
    at c:\Users\hverma\AppData\Roaming\npm\node_modules\protractor\lib\element.js:694:15
    at [object Object].promise.ControlFlow.runInFrame_ (c:/Users/hverma/AppData/Roaming/npm/node_modules/protractor/node_modules/selenium-webdriver/lib/goog/../webdriver/promise.js:1857:20)
    at [object Object].goog.defineClass.notify (c:/Users/hverma/AppData/Roaming/npm/node_modules/protractor/node_modules/selenium-webdriver/lib/goog/../webdriver/promise.js:2448:25)
    at [object Object].promise.Promise.notify_ (c:/Users/hverma/AppData/Roaming/npm/node_modules/protractor/node_modules/selenium-webdriver/lib/goog/../webdriver/promise.js:564:12)
    at Array.forEach (native)
    at [object Object].promise.Promise.notifyAll_ (c:/Users/hverma/AppData/Roaming/npm/node_modules/protractor/node_modules/selenium-webdriver/lib/goog/../webdriver/promise.js:553:15)
    at goog.async.run.processWorkQueue (c:\Users\hverma\AppData\Roaming\npm\node_modules\protractor\node_modules\selenium-webdriver\lib\goog\async\run.js:130:15)
    at runMicrotasksCallback (node.js:337:7)
    at process._tickCallback (node.js:355:11)
Error
    at [object Object].ElementArrayFinder.applyAction_ (c:\Users\hverma\AppData\Roaming\npm\node_modules\protractor\lib\element.js:392:21)
    at [object Object].self.(anonymous function) [as sendKeys] (c:\Users\hverma\AppData\Roaming\npm\node_modules\protractor\lib\element.js:76:19)
    at [object Object].self.(anonymous function) [as sendKeys] (c:\Users\hverma\AppData\Roaming\npm\node_modules\protractor\lib\element.js:721:11)
    at [object Object].wrongAddressValidData (C:\Users\hverma\AppData\Roaming\POM\pages\ssp_Page.js:251:61)
    at Object.&lt;anonymous&gt; (C:\Users\hverma\AppData\Roaming\POM\test_spec\Wrong_address.js:52:18)
    at c:\Users\hverma\AppData\Roaming\npm\node_modules\protractor\node_modules\jasminewd2\index.js:96:23
    at new promise.Promise (c:/Users/hverma/AppData/Roaming/npm/node_modules/protractor/node_modules/selenium-webdriver/lib/goog/../webdriver/promise.js:368:5)
    at controlFlowExecute (c:\Users\hverma\AppData\Roaming\npm\node_modules\protractor\node_modules\jasminewd2\index.js:82:18)
    at [object Object].promise.ControlFlow.runInFrame_ (c:/Users/hverma/AppData/Roaming/npm/node_modules/protractor/node_modules/selenium-webdriver/lib/goog/../webdriver/promise.js:1857:20)
    at [object Object].promise.ControlFlow.runEventLoop_ (c:/Users/hverma/AppData/Roaming/npm/node_modules/protractor/node_modules/selenium-webdriver/lib/goog/../webdriver/promise.js:1729:8)
From: Task: Run it(&quot;Wrong Address with valid data in Numeric form&quot;) in control flow
    at Object.&lt;anonymous&gt; (c:\Users\hverma\AppData\Roaming\npm\node_modules\protractor\node_modules\jasminewd2\index.js:81:14)
    at attemptAsync (c:\Users\hverma\AppData\Roaming\npm\node_modules\protractor\node_modules\jasmine\node_modules\jasmine-core\lib\jasmine-core\jasmine.js:1819:24)
    at QueueRunner.run (c:\Users\hverma\AppData\Roaming\npm\node_modules\protractor\node_modules\jasmine\node_modules\jasmine-core\lib\jasmine-core\jasmine.js:1774:9)
    at c:\Users\hverma\AppData\Roaming\npm\node_modules\protractor\node_modules\jasmine\node_modules\jasmine-core\lib\jasmine-core\jasmine.js:1801:16
    at c:\Users\hverma\AppData\Roaming\npm\node_modules\protractor\node_modules\jasmine\node_modules\jasmine-core\lib\jasmine-core\jasmine.js:1745:9
    at c:\Users\hverma\AppData\Roaming\npm\node_modules\protractor\node_modules\jasminewd2\index.js:18:5
    at [object Object].promise.ControlFlow.runInFrame_ (c:/Users/hverma/AppData/Roaming/npm/node_modules/protractor/node_modules/selenium-webdriver/lib/goog/../webdriver/promise.js:1857:20)
    at [object Object].goog.defineClass.notify (c:/Users/hverma/AppData/Roaming/npm/node_modules/protractor/node_modules/selenium-webdriver/lib/goog/../webdriver/promise.js:2448:25)
    at [object Object].promise.Promise.notify_ (c:/Users/hverma/AppData/Roaming/npm/node_modules/protractor/node_modules/selenium-webdriver/lib/goog/../webdriver/promise.js:564:12)
    at Array.forEach (native)
From asynchronous test: 
Error
    at Suite.&lt;anonymous&gt; (C:\Users\hverma\AppData\Roaming\POM\test_spec\Wrong_address.js:47:5)
    at addSpecsToSuite (c:\Users\hverma\AppData\Roaming\npm\node_modules\protractor\node_modules\jasmine\node_modules\jasmine-core\lib\jasmine-core\jasmine.js:743:25)
    at Env.describe (c:\Users\hverma\AppData\Roaming\npm\node_modules\protractor\node_modules\jasmine\node_modules\jasmine-core\lib\jasmine-core\jasmine.js:713:7)
    at jasmineInterface.describe (c:\Users\hverma\AppData\Roaming\npm\node_modules\protractor\node_modules\jasmine\node_modules\jasmine-core\lib\jasmine-core\jasmine.js:3219:18)
    at Object.&lt;anonymous&gt; (C:\Users\hverma\AppData\Roaming\POM\test_spec\Wrong_address.js:9:1)
    at Module._compile (module.js:460:26)
    at Object.Module._extensions..js (module.js:478:10)
    at Module.load (module.js:355:32)
    at Function.Module._load (module.js:310:12)</stack-trace>
			</failure>
		</test-case>
		<test-case start="1470208461308" stop="1470208467663" status="failed">
			<name>Wrong Address with valid data in Character Numeric form</name>
			<title>Wrong Address with valid data in Character Numeric form</title>
			<description></description>
			<labels>
			</labels>
			<parameters>
			</parameters>
			<steps>
			</steps>
			<attachments>
			</attachments>
			<failure>
				<message>Failed: No element found using locator: by.model(&quot;mailadd1&quot;)</message>
				<stack-trace>NoSuchElementError: No element found using locator: by.model(&quot;mailadd1&quot;)
    at new bot.Error (c:\Users\hverma\AppData\Roaming\npm\node_modules\protractor\node_modules\selenium-webdriver\lib\atoms\error.js:108:18)
    at c:\Users\hverma\AppData\Roaming\npm\node_modules\protractor\lib\element.js:694:15
    at [object Object].promise.ControlFlow.runInFrame_ (c:/Users/hverma/AppData/Roaming/npm/node_modules/protractor/node_modules/selenium-webdriver/lib/goog/../webdriver/promise.js:1857:20)
    at [object Object].goog.defineClass.notify (c:/Users/hverma/AppData/Roaming/npm/node_modules/protractor/node_modules/selenium-webdriver/lib/goog/../webdriver/promise.js:2448:25)
    at [object Object].promise.Promise.notify_ (c:/Users/hverma/AppData/Roaming/npm/node_modules/protractor/node_modules/selenium-webdriver/lib/goog/../webdriver/promise.js:564:12)
    at Array.forEach (native)
    at [object Object].promise.Promise.notifyAll_ (c:/Users/hverma/AppData/Roaming/npm/node_modules/protractor/node_modules/selenium-webdriver/lib/goog/../webdriver/promise.js:553:15)
    at goog.async.run.processWorkQueue (c:\Users\hverma\AppData\Roaming\npm\node_modules\protractor\node_modules\selenium-webdriver\lib\goog\async\run.js:130:15)
    at runMicrotasksCallback (node.js:337:7)
    at process._tickCallback (node.js:355:11)
Error
    at [object Object].ElementArrayFinder.applyAction_ (c:\Users\hverma\AppData\Roaming\npm\node_modules\protractor\lib\element.js:392:21)
    at [object Object].self.(anonymous function) [as sendKeys] (c:\Users\hverma\AppData\Roaming\npm\node_modules\protractor\lib\element.js:76:19)
    at [object Object].self.(anonymous function) [as sendKeys] (c:\Users\hverma\AppData\Roaming\npm\node_modules\protractor\lib\element.js:721:11)
    at [object Object].wrongAddressValidData (C:\Users\hverma\AppData\Roaming\POM\pages\ssp_Page.js:251:61)
    at Object.&lt;anonymous&gt; (C:\Users\hverma\AppData\Roaming\POM\test_spec\Wrong_address.js:63:18)
    at c:\Users\hverma\AppData\Roaming\npm\node_modules\protractor\node_modules\jasminewd2\index.js:96:23
    at new promise.Promise (c:/Users/hverma/AppData/Roaming/npm/node_modules/protractor/node_modules/selenium-webdriver/lib/goog/../webdriver/promise.js:368:5)
    at controlFlowExecute (c:\Users\hverma\AppData\Roaming\npm\node_modules\protractor\node_modules\jasminewd2\index.js:82:18)
    at [object Object].promise.ControlFlow.runInFrame_ (c:/Users/hverma/AppData/Roaming/npm/node_modules/protractor/node_modules/selenium-webdriver/lib/goog/../webdriver/promise.js:1857:20)
    at [object Object].promise.ControlFlow.runEventLoop_ (c:/Users/hverma/AppData/Roaming/npm/node_modules/protractor/node_modules/selenium-webdriver/lib/goog/../webdriver/promise.js:1729:8)
From: Task: Run it(&quot;Wrong Address with valid data in Character Numeric form&quot;) in control flow
    at Object.&lt;anonymous&gt; (c:\Users\hverma\AppData\Roaming\npm\node_modules\protractor\node_modules\jasminewd2\index.js:81:14)
    at attemptAsync (c:\Users\hverma\AppData\Roaming\npm\node_modules\protractor\node_modules\jasmine\node_modules\jasmine-core\lib\jasmine-core\jasmine.js:1819:24)
    at QueueRunner.run (c:\Users\hverma\AppData\Roaming\npm\node_modules\protractor\node_modules\jasmine\node_modules\jasmine-core\lib\jasmine-core\jasmine.js:1774:9)
    at c:\Users\hverma\AppData\Roaming\npm\node_modules\protractor\node_modules\jasmine\node_modules\jasmine-core\lib\jasmine-core\jasmine.js:1801:16
    at c:\Users\hverma\AppData\Roaming\npm\node_modules\protractor\node_modules\jasmine\node_modules\jasmine-core\lib\jasmine-core\jasmine.js:1745:9
    at c:\Users\hverma\AppData\Roaming\npm\node_modules\protractor\node_modules\jasminewd2\index.js:18:5
    at [object Object].promise.ControlFlow.runInFrame_ (c:/Users/hverma/AppData/Roaming/npm/node_modules/protractor/node_modules/selenium-webdriver/lib/goog/../webdriver/promise.js:1857:20)
    at [object Object].goog.defineClass.notify (c:/Users/hverma/AppData/Roaming/npm/node_modules/protractor/node_modules/selenium-webdriver/lib/goog/../webdriver/promise.js:2448:25)
    at [object Object].promise.Promise.notify_ (c:/Users/hverma/AppData/Roaming/npm/node_modules/protractor/node_modules/selenium-webdriver/lib/goog/../webdriver/promise.js:564:12)
    at Array.forEach (native)
From asynchronous test: 
Error
    at Suite.&lt;anonymous&gt; (C:\Users\hverma\AppData\Roaming\POM\test_spec\Wrong_address.js:58:5)
    at addSpecsToSuite (c:\Users\hverma\AppData\Roaming\npm\node_modules\protractor\node_modules\jasmine\node_modules\jasmine-core\lib\jasmine-core\jasmine.js:743:25)
    at Env.describe (c:\Users\hverma\AppData\Roaming\npm\node_modules\protractor\node_modules\jasmine\node_modules\jasmine-core\lib\jasmine-core\jasmine.js:713:7)
    at jasmineInterface.describe (c:\Users\hverma\AppData\Roaming\npm\node_modules\protractor\node_modules\jasmine\node_modules\jasmine-core\lib\jasmine-core\jasmine.js:3219:18)
    at Object.&lt;anonymous&gt; (C:\Users\hverma\AppData\Roaming\POM\test_spec\Wrong_address.js:9:1)
    at Module._compile (module.js:460:26)
    at Object.Module._extensions..js (module.js:478:10)
    at Module.load (module.js:355:32)
    at Function.Module._load (module.js:310:12)</stack-trace>
			</failure>
		</test-case>
		<test-case start="1470208467663" stop="1470208473903" status="failed">
			<name>Wrong Address with valid data in Numeric Character form</name>
			<title>Wrong Address with valid data in Numeric Character form</title>
			<description></description>
			<labels>
			</labels>
			<parameters>
			</parameters>
			<steps>
			</steps>
			<attachments>
			</attachments>
			<failure>
				<message>Failed: No element found using locator: by.model(&quot;mailadd1&quot;)</message>
				<stack-trace>NoSuchElementError: No element found using locator: by.model(&quot;mailadd1&quot;)
    at new bot.Error (c:\Users\hverma\AppData\Roaming\npm\node_modules\protractor\node_modules\selenium-webdriver\lib\atoms\error.js:108:18)
    at c:\Users\hverma\AppData\Roaming\npm\node_modules\protractor\lib\element.js:694:15
    at [object Object].promise.ControlFlow.runInFrame_ (c:/Users/hverma/AppData/Roaming/npm/node_modules/protractor/node_modules/selenium-webdriver/lib/goog/../webdriver/promise.js:1857:20)
    at [object Object].goog.defineClass.notify (c:/Users/hverma/AppData/Roaming/npm/node_modules/protractor/node_modules/selenium-webdriver/lib/goog/../webdriver/promise.js:2448:25)
    at [object Object].promise.Promise.notify_ (c:/Users/hverma/AppData/Roaming/npm/node_modules/protractor/node_modules/selenium-webdriver/lib/goog/../webdriver/promise.js:564:12)
    at Array.forEach (native)
    at [object Object].promise.Promise.notifyAll_ (c:/Users/hverma/AppData/Roaming/npm/node_modules/protractor/node_modules/selenium-webdriver/lib/goog/../webdriver/promise.js:553:15)
    at goog.async.run.processWorkQueue (c:\Users\hverma\AppData\Roaming\npm\node_modules\protractor\node_modules\selenium-webdriver\lib\goog\async\run.js:130:15)
    at runMicrotasksCallback (node.js:337:7)
    at process._tickCallback (node.js:355:11)
Error
    at [object Object].ElementArrayFinder.applyAction_ (c:\Users\hverma\AppData\Roaming\npm\node_modules\protractor\lib\element.js:392:21)
    at [object Object].self.(anonymous function) [as sendKeys] (c:\Users\hverma\AppData\Roaming\npm\node_modules\protractor\lib\element.js:76:19)
    at [object Object].self.(anonymous function) [as sendKeys] (c:\Users\hverma\AppData\Roaming\npm\node_modules\protractor\lib\element.js:721:11)
    at [object Object].wrongAddressValidData (C:\Users\hverma\AppData\Roaming\POM\pages\ssp_Page.js:251:61)
    at Object.&lt;anonymous&gt; (C:\Users\hverma\AppData\Roaming\POM\test_spec\Wrong_address.js:74:18)
    at c:\Users\hverma\AppData\Roaming\npm\node_modules\protractor\node_modules\jasminewd2\index.js:96:23
    at new promise.Promise (c:/Users/hverma/AppData/Roaming/npm/node_modules/protractor/node_modules/selenium-webdriver/lib/goog/../webdriver/promise.js:368:5)
    at controlFlowExecute (c:\Users\hverma\AppData\Roaming\npm\node_modules\protractor\node_modules\jasminewd2\index.js:82:18)
    at [object Object].promise.ControlFlow.runInFrame_ (c:/Users/hverma/AppData/Roaming/npm/node_modules/protractor/node_modules/selenium-webdriver/lib/goog/../webdriver/promise.js:1857:20)
    at [object Object].promise.ControlFlow.runEventLoop_ (c:/Users/hverma/AppData/Roaming/npm/node_modules/protractor/node_modules/selenium-webdriver/lib/goog/../webdriver/promise.js:1729:8)
From: Task: Run it(&quot;Wrong Address with valid data in Numeric Character form&quot;) in control flow
    at Object.&lt;anonymous&gt; (c:\Users\hverma\AppData\Roaming\npm\node_modules\protractor\node_modules\jasminewd2\index.js:81:14)
    at attemptAsync (c:\Users\hverma\AppData\Roaming\npm\node_modules\protractor\node_modules\jasmine\node_modules\jasmine-core\lib\jasmine-core\jasmine.js:1819:24)
    at QueueRunner.run (c:\Users\hverma\AppData\Roaming\npm\node_modules\protractor\node_modules\jasmine\node_modules\jasmine-core\lib\jasmine-core\jasmine.js:1774:9)
    at c:\Users\hverma\AppData\Roaming\npm\node_modules\protractor\node_modules\jasmine\node_modules\jasmine-core\lib\jasmine-core\jasmine.js:1801:16
    at c:\Users\hverma\AppData\Roaming\npm\node_modules\protractor\node_modules\jasmine\node_modules\jasmine-core\lib\jasmine-core\jasmine.js:1745:9
    at c:\Users\hverma\AppData\Roaming\npm\node_modules\protractor\node_modules\jasminewd2\index.js:18:5
    at [object Object].promise.ControlFlow.runInFrame_ (c:/Users/hverma/AppData/Roaming/npm/node_modules/protractor/node_modules/selenium-webdriver/lib/goog/../webdriver/promise.js:1857:20)
    at [object Object].goog.defineClass.notify (c:/Users/hverma/AppData/Roaming/npm/node_modules/protractor/node_modules/selenium-webdriver/lib/goog/../webdriver/promise.js:2448:25)
    at [object Object].promise.Promise.notify_ (c:/Users/hverma/AppData/Roaming/npm/node_modules/protractor/node_modules/selenium-webdriver/lib/goog/../webdriver/promise.js:564:12)
    at Array.forEach (native)
From asynchronous test: 
Error
    at Suite.&lt;anonymous&gt; (C:\Users\hverma\AppData\Roaming\POM\test_spec\Wrong_address.js:69:5)
    at addSpecsToSuite (c:\Users\hverma\AppData\Roaming\npm\node_modules\protractor\node_modules\jasmine\node_modules\jasmine-core\lib\jasmine-core\jasmine.js:743:25)
    at Env.describe (c:\Users\hverma\AppData\Roaming\npm\node_modules\protractor\node_modules\jasmine\node_modules\jasmine-core\lib\jasmine-core\jasmine.js:713:7)
    at jasmineInterface.describe (c:\Users\hverma\AppData\Roaming\npm\node_modules\protractor\node_modules\jasmine\node_modules\jasmine-core\lib\jasmine-core\jasmine.js:3219:18)
    at Object.&lt;anonymous&gt; (C:\Users\hverma\AppData\Roaming\POM\test_spec\Wrong_address.js:9:1)
    at Module._compile (module.js:460:26)
    at Object.Module._extensions..js (module.js:478:10)
    at Module.load (module.js:355:32)
    at Function.Module._load (module.js:310:12)</stack-trace>
			</failure>
		</test-case>
		<test-case start="1470208473903" stop="1470208480321" status="failed">
			<name>Wrong Address with valid data in CNNNNNNNN form</name>
			<title>Wrong Address with valid data in CNNNNNNNN form</title>
			<description></description>
			<labels>
			</labels>
			<parameters>
			</parameters>
			<steps>
			</steps>
			<attachments>
			</attachments>
			<failure>
				<message>Failed: No element found using locator: by.model(&quot;mailadd1&quot;)</message>
				<stack-trace>NoSuchElementError: No element found using locator: by.model(&quot;mailadd1&quot;)
    at new bot.Error (c:\Users\hverma\AppData\Roaming\npm\node_modules\protractor\node_modules\selenium-webdriver\lib\atoms\error.js:108:18)
    at c:\Users\hverma\AppData\Roaming\npm\node_modules\protractor\lib\element.js:694:15
    at [object Object].promise.ControlFlow.runInFrame_ (c:/Users/hverma/AppData/Roaming/npm/node_modules/protractor/node_modules/selenium-webdriver/lib/goog/../webdriver/promise.js:1857:20)
    at [object Object].goog.defineClass.notify (c:/Users/hverma/AppData/Roaming/npm/node_modules/protractor/node_modules/selenium-webdriver/lib/goog/../webdriver/promise.js:2448:25)
    at [object Object].promise.Promise.notify_ (c:/Users/hverma/AppData/Roaming/npm/node_modules/protractor/node_modules/selenium-webdriver/lib/goog/../webdriver/promise.js:564:12)
    at Array.forEach (native)
    at [object Object].promise.Promise.notifyAll_ (c:/Users/hverma/AppData/Roaming/npm/node_modules/protractor/node_modules/selenium-webdriver/lib/goog/../webdriver/promise.js:553:15)
    at goog.async.run.processWorkQueue (c:\Users\hverma\AppData\Roaming\npm\node_modules\protractor\node_modules\selenium-webdriver\lib\goog\async\run.js:130:15)
    at runMicrotasksCallback (node.js:337:7)
    at process._tickCallback (node.js:355:11)
Error
    at [object Object].ElementArrayFinder.applyAction_ (c:\Users\hverma\AppData\Roaming\npm\node_modules\protractor\lib\element.js:392:21)
    at [object Object].self.(anonymous function) [as sendKeys] (c:\Users\hverma\AppData\Roaming\npm\node_modules\protractor\lib\element.js:76:19)
    at [object Object].self.(anonymous function) [as sendKeys] (c:\Users\hverma\AppData\Roaming\npm\node_modules\protractor\lib\element.js:721:11)
    at [object Object].wrongAddressValidData (C:\Users\hverma\AppData\Roaming\POM\pages\ssp_Page.js:251:61)
    at Object.&lt;anonymous&gt; (C:\Users\hverma\AppData\Roaming\POM\test_spec\Wrong_address.js:84:18)
    at c:\Users\hverma\AppData\Roaming\npm\node_modules\protractor\node_modules\jasminewd2\index.js:96:23
    at new promise.Promise (c:/Users/hverma/AppData/Roaming/npm/node_modules/protractor/node_modules/selenium-webdriver/lib/goog/../webdriver/promise.js:368:5)
    at controlFlowExecute (c:\Users\hverma\AppData\Roaming\npm\node_modules\protractor\node_modules\jasminewd2\index.js:82:18)
    at [object Object].promise.ControlFlow.runInFrame_ (c:/Users/hverma/AppData/Roaming/npm/node_modules/protractor/node_modules/selenium-webdriver/lib/goog/../webdriver/promise.js:1857:20)
    at [object Object].promise.ControlFlow.runEventLoop_ (c:/Users/hverma/AppData/Roaming/npm/node_modules/protractor/node_modules/selenium-webdriver/lib/goog/../webdriver/promise.js:1729:8)
From: Task: Run it(&quot;Wrong Address with valid data in CNNNNNNNN form&quot;) in control flow
    at Object.&lt;anonymous&gt; (c:\Users\hverma\AppData\Roaming\npm\node_modules\protractor\node_modules\jasminewd2\index.js:81:14)
    at attemptAsync (c:\Users\hverma\AppData\Roaming\npm\node_modules\protractor\node_modules\jasmine\node_modules\jasmine-core\lib\jasmine-core\jasmine.js:1819:24)
    at QueueRunner.run (c:\Users\hverma\AppData\Roaming\npm\node_modules\protractor\node_modules\jasmine\node_modules\jasmine-core\lib\jasmine-core\jasmine.js:1774:9)
    at c:\Users\hverma\AppData\Roaming\npm\node_modules\protractor\node_modules\jasmine\node_modules\jasmine-core\lib\jasmine-core\jasmine.js:1801:16
    at c:\Users\hverma\AppData\Roaming\npm\node_modules\protractor\node_modules\jasmine\node_modules\jasmine-core\lib\jasmine-core\jasmine.js:1745:9
    at c:\Users\hverma\AppData\Roaming\npm\node_modules\protractor\node_modules\jasminewd2\index.js:18:5
    at [object Object].promise.ControlFlow.runInFrame_ (c:/Users/hverma/AppData/Roaming/npm/node_modules/protractor/node_modules/selenium-webdriver/lib/goog/../webdriver/promise.js:1857:20)
    at [object Object].goog.defineClass.notify (c:/Users/hverma/AppData/Roaming/npm/node_modules/protractor/node_modules/selenium-webdriver/lib/goog/../webdriver/promise.js:2448:25)
    at [object Object].promise.Promise.notify_ (c:/Users/hverma/AppData/Roaming/npm/node_modules/protractor/node_modules/selenium-webdriver/lib/goog/../webdriver/promise.js:564:12)
    at Array.forEach (native)
From asynchronous test: 
Error
    at Suite.&lt;anonymous&gt; (C:\Users\hverma\AppData\Roaming\POM\test_spec\Wrong_address.js:79:5)
    at addSpecsToSuite (c:\Users\hverma\AppData\Roaming\npm\node_modules\protractor\node_modules\jasmine\node_modules\jasmine-core\lib\jasmine-core\jasmine.js:743:25)
    at Env.describe (c:\Users\hverma\AppData\Roaming\npm\node_modules\protractor\node_modules\jasmine\node_modules\jasmine-core\lib\jasmine-core\jasmine.js:713:7)
    at jasmineInterface.describe (c:\Users\hverma\AppData\Roaming\npm\node_modules\protractor\node_modules\jasmine\node_modules\jasmine-core\lib\jasmine-core\jasmine.js:3219:18)
    at Object.&lt;anonymous&gt; (C:\Users\hverma\AppData\Roaming\POM\test_spec\Wrong_address.js:9:1)
    at Module._compile (module.js:460:26)
    at Object.Module._extensions..js (module.js:478:10)
    at Module.load (module.js:355:32)
    at Function.Module._load (module.js:310:12)</stack-trace>
			</failure>
		</test-case>
		<test-case start="1470208480321" stop="1470208486588" status="failed">
			<name>Wrong Address with valid data in NCCCCCCCCCC form</name>
			<title>Wrong Address with valid data in NCCCCCCCCCC form</title>
			<description></description>
			<labels>
			</labels>
			<parameters>
			</parameters>
			<steps>
			</steps>
			<attachments>
			</attachments>
			<failure>
				<message>Failed: No element found using locator: by.model(&quot;mailadd1&quot;)</message>
				<stack-trace>NoSuchElementError: No element found using locator: by.model(&quot;mailadd1&quot;)
    at new bot.Error (c:\Users\hverma\AppData\Roaming\npm\node_modules\protractor\node_modules\selenium-webdriver\lib\atoms\error.js:108:18)
    at c:\Users\hverma\AppData\Roaming\npm\node_modules\protractor\lib\element.js:694:15
    at [object Object].promise.ControlFlow.runInFrame_ (c:/Users/hverma/AppData/Roaming/npm/node_modules/protractor/node_modules/selenium-webdriver/lib/goog/../webdriver/promise.js:1857:20)
    at [object Object].goog.defineClass.notify (c:/Users/hverma/AppData/Roaming/npm/node_modules/protractor/node_modules/selenium-webdriver/lib/goog/../webdriver/promise.js:2448:25)
    at [object Object].promise.Promise.notify_ (c:/Users/hverma/AppData/Roaming/npm/node_modules/protractor/node_modules/selenium-webdriver/lib/goog/../webdriver/promise.js:564:12)
    at Array.forEach (native)
    at [object Object].promise.Promise.notifyAll_ (c:/Users/hverma/AppData/Roaming/npm/node_modules/protractor/node_modules/selenium-webdriver/lib/goog/../webdriver/promise.js:553:15)
    at goog.async.run.processWorkQueue (c:\Users\hverma\AppData\Roaming\npm\node_modules\protractor\node_modules\selenium-webdriver\lib\goog\async\run.js:130:15)
    at runMicrotasksCallback (node.js:337:7)
    at process._tickCallback (node.js:355:11)
Error
    at [object Object].ElementArrayFinder.applyAction_ (c:\Users\hverma\AppData\Roaming\npm\node_modules\protractor\lib\element.js:392:21)
    at [object Object].self.(anonymous function) [as sendKeys] (c:\Users\hverma\AppData\Roaming\npm\node_modules\protractor\lib\element.js:76:19)
    at [object Object].self.(anonymous function) [as sendKeys] (c:\Users\hverma\AppData\Roaming\npm\node_modules\protractor\lib\element.js:721:11)
    at [object Object].wrongAddressValidData (C:\Users\hverma\AppData\Roaming\POM\pages\ssp_Page.js:251:61)
    at Object.&lt;anonymous&gt; (C:\Users\hverma\AppData\Roaming\POM\test_spec\Wrong_address.js:95:18)
    at c:\Users\hverma\AppData\Roaming\npm\node_modules\protractor\node_modules\jasminewd2\index.js:96:23
    at new promise.Promise (c:/Users/hverma/AppData/Roaming/npm/node_modules/protractor/node_modules/selenium-webdriver/lib/goog/../webdriver/promise.js:368:5)
    at controlFlowExecute (c:\Users\hverma\AppData\Roaming\npm\node_modules\protractor\node_modules\jasminewd2\index.js:82:18)
    at [object Object].promise.ControlFlow.runInFrame_ (c:/Users/hverma/AppData/Roaming/npm/node_modules/protractor/node_modules/selenium-webdriver/lib/goog/../webdriver/promise.js:1857:20)
    at [object Object].promise.ControlFlow.runEventLoop_ (c:/Users/hverma/AppData/Roaming/npm/node_modules/protractor/node_modules/selenium-webdriver/lib/goog/../webdriver/promise.js:1729:8)
From: Task: Run it(&quot;Wrong Address with valid data in NCCCCCCCCCC form&quot;) in control flow
    at Object.&lt;anonymous&gt; (c:\Users\hverma\AppData\Roaming\npm\node_modules\protractor\node_modules\jasminewd2\index.js:81:14)
    at attemptAsync (c:\Users\hverma\AppData\Roaming\npm\node_modules\protractor\node_modules\jasmine\node_modules\jasmine-core\lib\jasmine-core\jasmine.js:1819:24)
    at QueueRunner.run (c:\Users\hverma\AppData\Roaming\npm\node_modules\protractor\node_modules\jasmine\node_modules\jasmine-core\lib\jasmine-core\jasmine.js:1774:9)
    at c:\Users\hverma\AppData\Roaming\npm\node_modules\protractor\node_modules\jasmine\node_modules\jasmine-core\lib\jasmine-core\jasmine.js:1801:16
    at c:\Users\hverma\AppData\Roaming\npm\node_modules\protractor\node_modules\jasmine\node_modules\jasmine-core\lib\jasmine-core\jasmine.js:1745:9
    at c:\Users\hverma\AppData\Roaming\npm\node_modules\protractor\node_modules\jasminewd2\index.js:18:5
    at [object Object].promise.ControlFlow.runInFrame_ (c:/Users/hverma/AppData/Roaming/npm/node_modules/protractor/node_modules/selenium-webdriver/lib/goog/../webdriver/promise.js:1857:20)
    at [object Object].goog.defineClass.notify (c:/Users/hverma/AppData/Roaming/npm/node_modules/protractor/node_modules/selenium-webdriver/lib/goog/../webdriver/promise.js:2448:25)
    at [object Object].promise.Promise.notify_ (c:/Users/hverma/AppData/Roaming/npm/node_modules/protractor/node_modules/selenium-webdriver/lib/goog/../webdriver/promise.js:564:12)
    at Array.forEach (native)
From asynchronous test: 
Error
    at Suite.&lt;anonymous&gt; (C:\Users\hverma\AppData\Roaming\POM\test_spec\Wrong_address.js:90:5)
    at addSpecsToSuite (c:\Users\hverma\AppData\Roaming\npm\node_modules\protractor\node_modules\jasmine\node_modules\jasmine-core\lib\jasmine-core\jasmine.js:743:25)
    at Env.describe (c:\Users\hverma\AppData\Roaming\npm\node_modules\protractor\node_modules\jasmine\node_modules\jasmine-core\lib\jasmine-core\jasmine.js:713:7)
    at jasmineInterface.describe (c:\Users\hverma\AppData\Roaming\npm\node_modules\protractor\node_modules\jasmine\node_modules\jasmine-core\lib\jasmine-core\jasmine.js:3219:18)
    at Object.&lt;anonymous&gt; (C:\Users\hverma\AppData\Roaming\POM\test_spec\Wrong_address.js:9:1)
    at Module._compile (module.js:460:26)
    at Object.Module._extensions..js (module.js:478:10)
    at Module.load (module.js:355:32)
    at Function.Module._load (module.js:310:12)</stack-trace>
			</failure>
		</test-case>
		<test-case start="1470208486588" stop="1470208493006" status="failed">
			<name>Wrong Address with valid data in small character</name>
			<title>Wrong Address with valid data in small character</title>
			<description></description>
			<labels>
			</labels>
			<parameters>
			</parameters>
			<steps>
			</steps>
			<attachments>
			</attachments>
			<failure>
				<message>Failed: No element found using locator: by.model(&quot;mailadd1&quot;)</message>
				<stack-trace>NoSuchElementError: No element found using locator: by.model(&quot;mailadd1&quot;)
    at new bot.Error (c:\Users\hverma\AppData\Roaming\npm\node_modules\protractor\node_modules\selenium-webdriver\lib\atoms\error.js:108:18)
    at c:\Users\hverma\AppData\Roaming\npm\node_modules\protractor\lib\element.js:694:15
    at [object Object].promise.ControlFlow.runInFrame_ (c:/Users/hverma/AppData/Roaming/npm/node_modules/protractor/node_modules/selenium-webdriver/lib/goog/../webdriver/promise.js:1857:20)
    at [object Object].goog.defineClass.notify (c:/Users/hverma/AppData/Roaming/npm/node_modules/protractor/node_modules/selenium-webdriver/lib/goog/../webdriver/promise.js:2448:25)
    at [object Object].promise.Promise.notify_ (c:/Users/hverma/AppData/Roaming/npm/node_modules/protractor/node_modules/selenium-webdriver/lib/goog/../webdriver/promise.js:564:12)
    at Array.forEach (native)
    at [object Object].promise.Promise.notifyAll_ (c:/Users/hverma/AppData/Roaming/npm/node_modules/protractor/node_modules/selenium-webdriver/lib/goog/../webdriver/promise.js:553:15)
    at goog.async.run.processWorkQueue (c:\Users\hverma\AppData\Roaming\npm\node_modules\protractor\node_modules\selenium-webdriver\lib\goog\async\run.js:130:15)
    at runMicrotasksCallback (node.js:337:7)
    at process._tickCallback (node.js:355:11)
Error
    at [object Object].ElementArrayFinder.applyAction_ (c:\Users\hverma\AppData\Roaming\npm\node_modules\protractor\lib\element.js:392:21)
    at [object Object].self.(anonymous function) [as sendKeys] (c:\Users\hverma\AppData\Roaming\npm\node_modules\protractor\lib\element.js:76:19)
    at [object Object].self.(anonymous function) [as sendKeys] (c:\Users\hverma\AppData\Roaming\npm\node_modules\protractor\lib\element.js:721:11)
    at [object Object].wrongAddressValidData (C:\Users\hverma\AppData\Roaming\POM\pages\ssp_Page.js:251:61)
    at Object.&lt;anonymous&gt; (C:\Users\hverma\AppData\Roaming\POM\test_spec\Wrong_address.js:105:18)
    at c:\Users\hverma\AppData\Roaming\npm\node_modules\protractor\node_modules\jasminewd2\index.js:96:23
    at new promise.Promise (c:/Users/hverma/AppData/Roaming/npm/node_modules/protractor/node_modules/selenium-webdriver/lib/goog/../webdriver/promise.js:368:5)
    at controlFlowExecute (c:\Users\hverma\AppData\Roaming\npm\node_modules\protractor\node_modules\jasminewd2\index.js:82:18)
    at [object Object].promise.ControlFlow.runInFrame_ (c:/Users/hverma/AppData/Roaming/npm/node_modules/protractor/node_modules/selenium-webdriver/lib/goog/../webdriver/promise.js:1857:20)
    at [object Object].promise.ControlFlow.runEventLoop_ (c:/Users/hverma/AppData/Roaming/npm/node_modules/protractor/node_modules/selenium-webdriver/lib/goog/../webdriver/promise.js:1729:8)
From: Task: Run it(&quot;Wrong Address with valid data in small character&quot;) in control flow
    at Object.&lt;anonymous&gt; (c:\Users\hverma\AppData\Roaming\npm\node_modules\protractor\node_modules\jasminewd2\index.js:81:14)
    at attemptAsync (c:\Users\hverma\AppData\Roaming\npm\node_modules\protractor\node_modules\jasmine\node_modules\jasmine-core\lib\jasmine-core\jasmine.js:1819:24)
    at QueueRunner.run (c:\Users\hverma\AppData\Roaming\npm\node_modules\protractor\node_modules\jasmine\node_modules\jasmine-core\lib\jasmine-core\jasmine.js:1774:9)
    at c:\Users\hverma\AppData\Roaming\npm\node_modules\protractor\node_modules\jasmine\node_modules\jasmine-core\lib\jasmine-core\jasmine.js:1801:16
    at c:\Users\hverma\AppData\Roaming\npm\node_modules\protractor\node_modules\jasmine\node_modules\jasmine-core\lib\jasmine-core\jasmine.js:1745:9
    at c:\Users\hverma\AppData\Roaming\npm\node_modules\protractor\node_modules\jasminewd2\index.js:18:5
    at [object Object].promise.ControlFlow.runInFrame_ (c:/Users/hverma/AppData/Roaming/npm/node_modules/protractor/node_modules/selenium-webdriver/lib/goog/../webdriver/promise.js:1857:20)
    at [object Object].goog.defineClass.notify (c:/Users/hverma/AppData/Roaming/npm/node_modules/protractor/node_modules/selenium-webdriver/lib/goog/../webdriver/promise.js:2448:25)
    at [object Object].promise.Promise.notify_ (c:/Users/hverma/AppData/Roaming/npm/node_modules/protractor/node_modules/selenium-webdriver/lib/goog/../webdriver/promise.js:564:12)
    at Array.forEach (native)
From asynchronous test: 
Error
    at Suite.&lt;anonymous&gt; (C:\Users\hverma\AppData\Roaming\POM\test_spec\Wrong_address.js:100:5)
    at addSpecsToSuite (c:\Users\hverma\AppData\Roaming\npm\node_modules\protractor\node_modules\jasmine\node_modules\jasmine-core\lib\jasmine-core\jasmine.js:743:25)
    at Env.describe (c:\Users\hverma\AppData\Roaming\npm\node_modules\protractor\node_modules\jasmine\node_modules\jasmine-core\lib\jasmine-core\jasmine.js:713:7)
    at jasmineInterface.describe (c:\Users\hverma\AppData\Roaming\npm\node_modules\protractor\node_modules\jasmine\node_modules\jasmine-core\lib\jasmine-core\jasmine.js:3219:18)
    at Object.&lt;anonymous&gt; (C:\Users\hverma\AppData\Roaming\POM\test_spec\Wrong_address.js:9:1)
    at Module._compile (module.js:460:26)
    at Object.Module._extensions..js (module.js:478:10)
    at Module.load (module.js:355:32)
    at Function.Module._load (module.js:310:12)</stack-trace>
			</failure>
		</test-case>
		<test-case start="1470208493006" stop="1470208499430" status="failed">
			<name>Wrong Address with city address in numeric form</name>
			<title>Wrong Address with city address in numeric form</title>
			<description></description>
			<labels>
			</labels>
			<parameters>
			</parameters>
			<steps>
			</steps>
			<attachments>
			</attachments>
			<failure>
				<message>Failed: No element found using locator: by.model(&quot;mailadd1&quot;)</message>
				<stack-trace>NoSuchElementError: No element found using locator: by.model(&quot;mailadd1&quot;)
    at new bot.Error (c:\Users\hverma\AppData\Roaming\npm\node_modules\protractor\node_modules\selenium-webdriver\lib\atoms\error.js:108:18)
    at c:\Users\hverma\AppData\Roaming\npm\node_modules\protractor\lib\element.js:694:15
    at [object Object].promise.ControlFlow.runInFrame_ (c:/Users/hverma/AppData/Roaming/npm/node_modules/protractor/node_modules/selenium-webdriver/lib/goog/../webdriver/promise.js:1857:20)
    at [object Object].goog.defineClass.notify (c:/Users/hverma/AppData/Roaming/npm/node_modules/protractor/node_modules/selenium-webdriver/lib/goog/../webdriver/promise.js:2448:25)
    at [object Object].promise.Promise.notify_ (c:/Users/hverma/AppData/Roaming/npm/node_modules/protractor/node_modules/selenium-webdriver/lib/goog/../webdriver/promise.js:564:12)
    at Array.forEach (native)
    at [object Object].promise.Promise.notifyAll_ (c:/Users/hverma/AppData/Roaming/npm/node_modules/protractor/node_modules/selenium-webdriver/lib/goog/../webdriver/promise.js:553:15)
    at goog.async.run.processWorkQueue (c:\Users\hverma\AppData\Roaming\npm\node_modules\protractor\node_modules\selenium-webdriver\lib\goog\async\run.js:130:15)
    at runMicrotasksCallback (node.js:337:7)
    at process._tickCallback (node.js:355:11)
Error
    at [object Object].ElementArrayFinder.applyAction_ (c:\Users\hverma\AppData\Roaming\npm\node_modules\protractor\lib\element.js:392:21)
    at [object Object].self.(anonymous function) [as sendKeys] (c:\Users\hverma\AppData\Roaming\npm\node_modules\protractor\lib\element.js:76:19)
    at [object Object].self.(anonymous function) [as sendKeys] (c:\Users\hverma\AppData\Roaming\npm\node_modules\protractor\lib\element.js:721:11)
    at [object Object].wrongAddressValidData (C:\Users\hverma\AppData\Roaming\POM\pages\ssp_Page.js:251:61)
    at Object.&lt;anonymous&gt; (C:\Users\hverma\AppData\Roaming\POM\test_spec\Wrong_address.js:116:18)
    at c:\Users\hverma\AppData\Roaming\npm\node_modules\protractor\node_modules\jasminewd2\index.js:96:23
    at new promise.Promise (c:/Users/hverma/AppData/Roaming/npm/node_modules/protractor/node_modules/selenium-webdriver/lib/goog/../webdriver/promise.js:368:5)
    at controlFlowExecute (c:\Users\hverma\AppData\Roaming\npm\node_modules\protractor\node_modules\jasminewd2\index.js:82:18)
    at [object Object].promise.ControlFlow.runInFrame_ (c:/Users/hverma/AppData/Roaming/npm/node_modules/protractor/node_modules/selenium-webdriver/lib/goog/../webdriver/promise.js:1857:20)
    at [object Object].promise.ControlFlow.runEventLoop_ (c:/Users/hverma/AppData/Roaming/npm/node_modules/protractor/node_modules/selenium-webdriver/lib/goog/../webdriver/promise.js:1729:8)
From: Task: Run it(&quot;Wrong Address with city address in numeric form&quot;) in control flow
    at Object.&lt;anonymous&gt; (c:\Users\hverma\AppData\Roaming\npm\node_modules\protractor\node_modules\jasminewd2\index.js:81:14)
    at attemptAsync (c:\Users\hverma\AppData\Roaming\npm\node_modules\protractor\node_modules\jasmine\node_modules\jasmine-core\lib\jasmine-core\jasmine.js:1819:24)
    at QueueRunner.run (c:\Users\hverma\AppData\Roaming\npm\node_modules\protractor\node_modules\jasmine\node_modules\jasmine-core\lib\jasmine-core\jasmine.js:1774:9)
    at c:\Users\hverma\AppData\Roaming\npm\node_modules\protractor\node_modules\jasmine\node_modules\jasmine-core\lib\jasmine-core\jasmine.js:1801:16
    at c:\Users\hverma\AppData\Roaming\npm\node_modules\protractor\node_modules\jasmine\node_modules\jasmine-core\lib\jasmine-core\jasmine.js:1745:9
    at c:\Users\hverma\AppData\Roaming\npm\node_modules\protractor\node_modules\jasminewd2\index.js:18:5
    at [object Object].promise.ControlFlow.runInFrame_ (c:/Users/hverma/AppData/Roaming/npm/node_modules/protractor/node_modules/selenium-webdriver/lib/goog/../webdriver/promise.js:1857:20)
    at [object Object].goog.defineClass.notify (c:/Users/hverma/AppData/Roaming/npm/node_modules/protractor/node_modules/selenium-webdriver/lib/goog/../webdriver/promise.js:2448:25)
    at [object Object].promise.Promise.notify_ (c:/Users/hverma/AppData/Roaming/npm/node_modules/protractor/node_modules/selenium-webdriver/lib/goog/../webdriver/promise.js:564:12)
    at Array.forEach (native)
From asynchronous test: 
Error
    at Suite.&lt;anonymous&gt; (C:\Users\hverma\AppData\Roaming\POM\test_spec\Wrong_address.js:111:5)
    at addSpecsToSuite (c:\Users\hverma\AppData\Roaming\npm\node_modules\protractor\node_modules\jasmine\node_modules\jasmine-core\lib\jasmine-core\jasmine.js:743:25)
    at Env.describe (c:\Users\hverma\AppData\Roaming\npm\node_modules\protractor\node_modules\jasmine\node_modules\jasmine-core\lib\jasmine-core\jasmine.js:713:7)
    at jasmineInterface.describe (c:\Users\hverma\AppData\Roaming\npm\node_modules\protractor\node_modules\jasmine\node_modules\jasmine-core\lib\jasmine-core\jasmine.js:3219:18)
    at Object.&lt;anonymous&gt; (C:\Users\hverma\AppData\Roaming\POM\test_spec\Wrong_address.js:9:1)
    at Module._compile (module.js:460:26)
    at Object.Module._extensions..js (module.js:478:10)
    at Module.load (module.js:355:32)
    at Function.Module._load (module.js:310:12)</stack-trace>
			</failure>
		</test-case>
		<test-case start="1470208499430" stop="1470208505872" status="failed">
			<name>Wrong Address with city address in alpha numeric form</name>
			<title>Wrong Address with city address in alpha numeric form</title>
			<description></description>
			<labels>
			</labels>
			<parameters>
			</parameters>
			<steps>
			</steps>
			<attachments>
			</attachments>
			<failure>
				<message>Failed: No element found using locator: by.model(&quot;mailadd1&quot;)</message>
				<stack-trace>NoSuchElementError: No element found using locator: by.model(&quot;mailadd1&quot;)
    at new bot.Error (c:\Users\hverma\AppData\Roaming\npm\node_modules\protractor\node_modules\selenium-webdriver\lib\atoms\error.js:108:18)
    at c:\Users\hverma\AppData\Roaming\npm\node_modules\protractor\lib\element.js:694:15
    at [object Object].promise.ControlFlow.runInFrame_ (c:/Users/hverma/AppData/Roaming/npm/node_modules/protractor/node_modules/selenium-webdriver/lib/goog/../webdriver/promise.js:1857:20)
    at [object Object].goog.defineClass.notify (c:/Users/hverma/AppData/Roaming/npm/node_modules/protractor/node_modules/selenium-webdriver/lib/goog/../webdriver/promise.js:2448:25)
    at [object Object].promise.Promise.notify_ (c:/Users/hverma/AppData/Roaming/npm/node_modules/protractor/node_modules/selenium-webdriver/lib/goog/../webdriver/promise.js:564:12)
    at Array.forEach (native)
    at [object Object].promise.Promise.notifyAll_ (c:/Users/hverma/AppData/Roaming/npm/node_modules/protractor/node_modules/selenium-webdriver/lib/goog/../webdriver/promise.js:553:15)
    at goog.async.run.processWorkQueue (c:\Users\hverma\AppData\Roaming\npm\node_modules\protractor\node_modules\selenium-webdriver\lib\goog\async\run.js:130:15)
    at runMicrotasksCallback (node.js:337:7)
    at process._tickCallback (node.js:355:11)
Error
    at [object Object].ElementArrayFinder.applyAction_ (c:\Users\hverma\AppData\Roaming\npm\node_modules\protractor\lib\element.js:392:21)
    at [object Object].self.(anonymous function) [as sendKeys] (c:\Users\hverma\AppData\Roaming\npm\node_modules\protractor\lib\element.js:76:19)
    at [object Object].self.(anonymous function) [as sendKeys] (c:\Users\hverma\AppData\Roaming\npm\node_modules\protractor\lib\element.js:721:11)
    at [object Object].wrongAddressValidData (C:\Users\hverma\AppData\Roaming\POM\pages\ssp_Page.js:251:61)
    at Object.&lt;anonymous&gt; (C:\Users\hverma\AppData\Roaming\POM\test_spec\Wrong_address.js:127:18)
    at c:\Users\hverma\AppData\Roaming\npm\node_modules\protractor\node_modules\jasminewd2\index.js:96:23
    at new promise.Promise (c:/Users/hverma/AppData/Roaming/npm/node_modules/protractor/node_modules/selenium-webdriver/lib/goog/../webdriver/promise.js:368:5)
    at controlFlowExecute (c:\Users\hverma\AppData\Roaming\npm\node_modules\protractor\node_modules\jasminewd2\index.js:82:18)
    at [object Object].promise.ControlFlow.runInFrame_ (c:/Users/hverma/AppData/Roaming/npm/node_modules/protractor/node_modules/selenium-webdriver/lib/goog/../webdriver/promise.js:1857:20)
    at [object Object].promise.ControlFlow.runEventLoop_ (c:/Users/hverma/AppData/Roaming/npm/node_modules/protractor/node_modules/selenium-webdriver/lib/goog/../webdriver/promise.js:1729:8)
From: Task: Run it(&quot;Wrong Address with city address in alpha numeric form&quot;) in control flow
    at Object.&lt;anonymous&gt; (c:\Users\hverma\AppData\Roaming\npm\node_modules\protractor\node_modules\jasminewd2\index.js:81:14)
    at attemptAsync (c:\Users\hverma\AppData\Roaming\npm\node_modules\protractor\node_modules\jasmine\node_modules\jasmine-core\lib\jasmine-core\jasmine.js:1819:24)
    at QueueRunner.run (c:\Users\hverma\AppData\Roaming\npm\node_modules\protractor\node_modules\jasmine\node_modules\jasmine-core\lib\jasmine-core\jasmine.js:1774:9)
    at c:\Users\hverma\AppData\Roaming\npm\node_modules\protractor\node_modules\jasmine\node_modules\jasmine-core\lib\jasmine-core\jasmine.js:1801:16
    at c:\Users\hverma\AppData\Roaming\npm\node_modules\protractor\node_modules\jasmine\node_modules\jasmine-core\lib\jasmine-core\jasmine.js:1745:9
    at c:\Users\hverma\AppData\Roaming\npm\node_modules\protractor\node_modules\jasminewd2\index.js:18:5
    at [object Object].promise.ControlFlow.runInFrame_ (c:/Users/hverma/AppData/Roaming/npm/node_modules/protractor/node_modules/selenium-webdriver/lib/goog/../webdriver/promise.js:1857:20)
    at [object Object].goog.defineClass.notify (c:/Users/hverma/AppData/Roaming/npm/node_modules/protractor/node_modules/selenium-webdriver/lib/goog/../webdriver/promise.js:2448:25)
    at [object Object].promise.Promise.notify_ (c:/Users/hverma/AppData/Roaming/npm/node_modules/protractor/node_modules/selenium-webdriver/lib/goog/../webdriver/promise.js:564:12)
    at Array.forEach (native)
From asynchronous test: 
Error
    at Suite.&lt;anonymous&gt; (C:\Users\hverma\AppData\Roaming\POM\test_spec\Wrong_address.js:122:5)
    at addSpecsToSuite (c:\Users\hverma\AppData\Roaming\npm\node_modules\protractor\node_modules\jasmine\node_modules\jasmine-core\lib\jasmine-core\jasmine.js:743:25)
    at Env.describe (c:\Users\hverma\AppData\Roaming\npm\node_modules\protractor\node_modules\jasmine\node_modules\jasmine-core\lib\jasmine-core\jasmine.js:713:7)
    at jasmineInterface.describe (c:\Users\hverma\AppData\Roaming\npm\node_modules\protractor\node_modules\jasmine\node_modules\jasmine-core\lib\jasmine-core\jasmine.js:3219:18)
    at Object.&lt;anonymous&gt; (C:\Users\hverma\AppData\Roaming\POM\test_spec\Wrong_address.js:9:1)
    at Module._compile (module.js:460:26)
    at Object.Module._extensions..js (module.js:478:10)
    at Module.load (module.js:355:32)
    at Function.Module._load (module.js:310:12)</stack-trace>
			</failure>
		</test-case>
		<test-case start="1470208505872" stop="1470208512280" status="failed">
			<name>Wrong Address with zipcode</name>
			<title>Wrong Address with zipcode</title>
			<description></description>
			<labels>
			</labels>
			<parameters>
			</parameters>
			<steps>
			</steps>
			<attachments>
			</attachments>
			<failure>
				<message>Failed: No element found using locator: by.model(&quot;mailadd1&quot;)</message>
				<stack-trace>NoSuchElementError: No element found using locator: by.model(&quot;mailadd1&quot;)
    at new bot.Error (c:\Users\hverma\AppData\Roaming\npm\node_modules\protractor\node_modules\selenium-webdriver\lib\atoms\error.js:108:18)
    at c:\Users\hverma\AppData\Roaming\npm\node_modules\protractor\lib\element.js:694:15
    at [object Object].promise.ControlFlow.runInFrame_ (c:/Users/hverma/AppData/Roaming/npm/node_modules/protractor/node_modules/selenium-webdriver/lib/goog/../webdriver/promise.js:1857:20)
    at [object Object].goog.defineClass.notify (c:/Users/hverma/AppData/Roaming/npm/node_modules/protractor/node_modules/selenium-webdriver/lib/goog/../webdriver/promise.js:2448:25)
    at [object Object].promise.Promise.notify_ (c:/Users/hverma/AppData/Roaming/npm/node_modules/protractor/node_modules/selenium-webdriver/lib/goog/../webdriver/promise.js:564:12)
    at Array.forEach (native)
    at [object Object].promise.Promise.notifyAll_ (c:/Users/hverma/AppData/Roaming/npm/node_modules/protractor/node_modules/selenium-webdriver/lib/goog/../webdriver/promise.js:553:15)
    at goog.async.run.processWorkQueue (c:\Users\hverma\AppData\Roaming\npm\node_modules\protractor\node_modules\selenium-webdriver\lib\goog\async\run.js:130:15)
    at runMicrotasksCallback (node.js:337:7)
    at process._tickCallback (node.js:355:11)
Error
    at [object Object].ElementArrayFinder.applyAction_ (c:\Users\hverma\AppData\Roaming\npm\node_modules\protractor\lib\element.js:392:21)
    at [object Object].self.(anonymous function) [as sendKeys] (c:\Users\hverma\AppData\Roaming\npm\node_modules\protractor\lib\element.js:76:19)
    at [object Object].self.(anonymous function) [as sendKeys] (c:\Users\hverma\AppData\Roaming\npm\node_modules\protractor\lib\element.js:721:11)
    at [object Object].wrongAddressValidData (C:\Users\hverma\AppData\Roaming\POM\pages\ssp_Page.js:251:61)
    at Object.&lt;anonymous&gt; (C:\Users\hverma\AppData\Roaming\POM\test_spec\Wrong_address.js:138:18)
    at c:\Users\hverma\AppData\Roaming\npm\node_modules\protractor\node_modules\jasminewd2\index.js:96:23
    at new promise.Promise (c:/Users/hverma/AppData/Roaming/npm/node_modules/protractor/node_modules/selenium-webdriver/lib/goog/../webdriver/promise.js:368:5)
    at controlFlowExecute (c:\Users\hverma\AppData\Roaming\npm\node_modules\protractor\node_modules\jasminewd2\index.js:82:18)
    at [object Object].promise.ControlFlow.runInFrame_ (c:/Users/hverma/AppData/Roaming/npm/node_modules/protractor/node_modules/selenium-webdriver/lib/goog/../webdriver/promise.js:1857:20)
    at [object Object].promise.ControlFlow.runEventLoop_ (c:/Users/hverma/AppData/Roaming/npm/node_modules/protractor/node_modules/selenium-webdriver/lib/goog/../webdriver/promise.js:1729:8)
From: Task: Run it(&quot;Wrong Address with zipcode&quot;) in control flow
    at Object.&lt;anonymous&gt; (c:\Users\hverma\AppData\Roaming\npm\node_modules\protractor\node_modules\jasminewd2\index.js:81:14)
    at attemptAsync (c:\Users\hverma\AppData\Roaming\npm\node_modules\protractor\node_modules\jasmine\node_modules\jasmine-core\lib\jasmine-core\jasmine.js:1819:24)
    at QueueRunner.run (c:\Users\hverma\AppData\Roaming\npm\node_modules\protractor\node_modules\jasmine\node_modules\jasmine-core\lib\jasmine-core\jasmine.js:1774:9)
    at c:\Users\hverma\AppData\Roaming\npm\node_modules\protractor\node_modules\jasmine\node_modules\jasmine-core\lib\jasmine-core\jasmine.js:1801:16
    at c:\Users\hverma\AppData\Roaming\npm\node_modules\protractor\node_modules\jasmine\node_modules\jasmine-core\lib\jasmine-core\jasmine.js:1745:9
    at c:\Users\hverma\AppData\Roaming\npm\node_modules\protractor\node_modules\jasminewd2\index.js:18:5
    at [object Object].promise.ControlFlow.runInFrame_ (c:/Users/hverma/AppData/Roaming/npm/node_modules/protractor/node_modules/selenium-webdriver/lib/goog/../webdriver/promise.js:1857:20)
    at [object Object].goog.defineClass.notify (c:/Users/hverma/AppData/Roaming/npm/node_modules/protractor/node_modules/selenium-webdriver/lib/goog/../webdriver/promise.js:2448:25)
    at [object Object].promise.Promise.notify_ (c:/Users/hverma/AppData/Roaming/npm/node_modules/protractor/node_modules/selenium-webdriver/lib/goog/../webdriver/promise.js:564:12)
    at Array.forEach (native)
From asynchronous test: 
Error
    at Suite.&lt;anonymous&gt; (C:\Users\hverma\AppData\Roaming\POM\test_spec\Wrong_address.js:133:5)
    at addSpecsToSuite (c:\Users\hverma\AppData\Roaming\npm\node_modules\protractor\node_modules\jasmine\node_modules\jasmine-core\lib\jasmine-core\jasmine.js:743:25)
    at Env.describe (c:\Users\hverma\AppData\Roaming\npm\node_modules\protractor\node_modules\jasmine\node_modules\jasmine-core\lib\jasmine-core\jasmine.js:713:7)
    at jasmineInterface.describe (c:\Users\hverma\AppData\Roaming\npm\node_modules\protractor\node_modules\jasmine\node_modules\jasmine-core\lib\jasmine-core\jasmine.js:3219:18)
    at Object.&lt;anonymous&gt; (C:\Users\hverma\AppData\Roaming\POM\test_spec\Wrong_address.js:9:1)
    at Module._compile (module.js:460:26)
    at Object.Module._extensions..js (module.js:478:10)
    at Module.load (module.js:355:32)
    at Function.Module._load (module.js:310:12)</stack-trace>
			</failure>
		</test-case>
		<test-case start="1470208512280" stop="1470208518879" status="passed">
			<name>Wrong Address with blank data</name>
			<title>Wrong Address with blank data</title>
			<description></description>
			<labels>
			</labels>
			<parameters>
			</parameters>
			<steps>
			</steps>
			<attachments>
			</attachments>
		</test-case>
	</test-cases>
</ns2:test-suite>